Determining if the pthread_create exist failed with the following output:
Change Dir: /home/tiao/git_ws/moveo_moveit_ws/src/Cura/libArcus/build/CMakeFiles/CMakeTmp

Run Build Command:"/usr/bin/make" "cmTC_e57f4/fast"
/usr/bin/make -f CMakeFiles/cmTC_e57f4.dir/build.make CMakeFiles/cmTC_e57f4.dir/build
make[1]: Entering directory '/home/tiao/git_ws/moveo_moveit_ws/src/Cura/libArcus/build/CMakeFiles/CMakeTmp'
Building C object CMakeFiles/cmTC_e57f4.dir/CheckSymbolExists.c.o
/usr/bin/cc    -o CMakeFiles/cmTC_e57f4.dir/CheckSymbolExists.c.o   -c /home/tiao/git_ws/moveo_moveit_ws/src/Cura/libArcus/build/CMakeFiles/CMakeTmp/CheckSymbolExists.c
Linking C executable cmTC_e57f4
/usr/bin/cmake -E cmake_link_script CMakeFiles/cmTC_e57f4.dir/link.txt --verbose=1
/usr/bin/cc      CMakeFiles/cmTC_e57f4.dir/CheckSymbolExists.c.o  -o cmTC_e57f4 
CMakeFiles/cmTC_e57f4.dir/CheckSymbolExists.c.o: In function `main':
CheckSymbolExists.c:(.text+0x1b): undefined reference to `pthread_create'
collect2: error: ld returned 1 exit status
CMakeFiles/cmTC_e57f4.dir/build.make:97: recipe for target 'cmTC_e57f4' failed
make[1]: *** [cmTC_e57f4] Error 1
make[1]: Leaving directory '/home/tiao/git_ws/moveo_moveit_ws/src/Cura/libArcus/build/CMakeFiles/CMakeTmp'
Makefile:126: recipe for target 'cmTC_e57f4/fast' failed
make: *** [cmTC_e57f4/fast] Error 2

File /home/tiao/git_ws/moveo_moveit_ws/src/Cura/libArcus/build/CMakeFiles/CMakeTmp/CheckSymbolExists.c:
/* */
#include <pthread.h>

int main(int argc, char** argv)
{
  (void)argv;
#ifndef pthread_create
  return ((int*)(&pthread_create))[argc];
#else
  (void)argc;
  return 0;
#endif
}

Determining if the function pthread_create exists in the pthreads failed with the following output:
Change Dir: /home/tiao/git_ws/moveo_moveit_ws/src/Cura/libArcus/build/CMakeFiles/CMakeTmp

Run Build Command:"/usr/bin/make" "cmTC_c5f47/fast"
/usr/bin/make -f CMakeFiles/cmTC_c5f47.dir/build.make CMakeFiles/cmTC_c5f47.dir/build
make[1]: Entering directory '/home/tiao/git_ws/moveo_moveit_ws/src/Cura/libArcus/build/CMakeFiles/CMakeTmp'
Building C object CMakeFiles/cmTC_c5f47.dir/CheckFunctionExists.c.o
/usr/bin/cc   -DCHECK_FUNCTION_EXISTS=pthread_create   -o CMakeFiles/cmTC_c5f47.dir/CheckFunctionExists.c.o   -c /usr/share/cmake-3.10/Modules/CheckFunctionExists.c
Linking C executable cmTC_c5f47
/usr/bin/cmake -E cmake_link_script CMakeFiles/cmTC_c5f47.dir/link.txt --verbose=1
/usr/bin/cc  -DCHECK_FUNCTION_EXISTS=pthread_create    CMakeFiles/cmTC_c5f47.dir/CheckFunctionExists.c.o  -o cmTC_c5f47 -lpthreads 
/usr/bin/ld: cannot find -lpthreads
collect2: error: ld returned 1 exit status
CMakeFiles/cmTC_c5f47.dir/build.make:97: recipe for target 'cmTC_c5f47' failed
make[1]: *** [cmTC_c5f47] Error 1
make[1]: Leaving directory '/home/tiao/git_ws/moveo_moveit_ws/src/Cura/libArcus/build/CMakeFiles/CMakeTmp'
Makefile:126: recipe for target 'cmTC_c5f47/fast' failed
make: *** [cmTC_c5f47/fast] Error 2


